Open5GS daemon v2.6.4-17-g93ad7c6

06/07 14:10:20.952: [app] INFO: Configuration: '/open5gs/install/etc/open5gs/amf.yaml' (../lib/app/ogs-init.c:126)
06/07 14:10:20.952: [app] INFO: File Logging: '/open5gs/install/var/log/open5gs/amf.log' (../lib/app/ogs-init.c:129)
06/07 14:10:20.954: [metrics] INFO: metrics_server() [http://172.22.0.10]:9091 (../lib/metrics/prometheus/context.c:299)
06/07 14:10:20.954: [sbi] INFO: NF Service [namf-comm] (../lib/sbi/context.c:1438)
06/07 14:10:20.954: [sbi] INFO: nghttp2_server() [http://172.22.0.10]:7777 (../lib/sbi/nghttp2-server.c:395)
06/07 14:10:20.954: [amf] INFO: ngap_server() [172.22.0.10]:38412 (../src/amf/ngap-sctp.c:61)
06/07 14:10:20.954: [sctp] INFO: AMF initialize...done (../src/amf/app.c:33)
06/07 14:10:20.955: [sbi] INFO: [09bc39a6-053d-41ee-bbed-39242bc5a1b4] NF registered [Heartbeat:10s] (../lib/sbi/nf-sm.c:214)
06/07 14:10:20.956: [sbi] INFO: [09bc9298-053d-41ee-b4c3-2145daa6e6d2] Subscription created until 2023-06-08T14:10:20.956143+00:00 [duration:86400,validity:86399.999466,patch:43199.999733] (../lib/sbi/nnrf-handler.c:509)
06/07 14:10:20.956: [sbi] INFO: [09bc970c-053d-41ee-b4c3-2145daa6e6d2] Subscription created until 2023-06-08T14:10:20.956242+00:00 [duration:86400,validity:86399.999539,patch:43199.999769] (../lib/sbi/nnrf-handler.c:509)
06/07 14:10:20.956: [sbi] INFO: [09bc9b8a-053d-41ee-b4c3-2145daa6e6d2] Subscription created until 2023-06-08T14:10:20.956356+00:00 [duration:86400,validity:86399.999526,patch:43199.999763] (../lib/sbi/nnrf-handler.c:509)
06/07 14:10:20.956: [sbi] INFO: [09bca026-053d-41ee-b4c3-2145daa6e6d2] Subscription created until 2023-06-08T14:10:20.956474+00:00 [duration:86400,validity:86399.999550,patch:43199.999775] (../lib/sbi/nnrf-handler.c:509)
06/07 14:10:20.957: [sbi] INFO: [09bca300-053d-41ee-b4c3-2145daa6e6d2] Subscription created until 2023-06-08T14:10:20.956547+00:00 [duration:86400,validity:86399.999548,patch:43199.999774] (../lib/sbi/nnrf-handler.c:509)
06/07 14:10:20.957: [sbi] INFO: [09bca422-053d-41ee-b4c3-2145daa6e6d2] Subscription created until 2023-06-08T14:10:20.956577+00:00 [duration:86400,validity:86399.999524,patch:43199.999762] (../lib/sbi/nnrf-handler.c:509)
06/07 14:10:30.694: [sbi] INFO: [0f8a4170-053d-41ee-8005-017dc7b01714] (NRF-notify) NF registered (../lib/sbi/nnrf-handler.c:725)
06/07 14:10:30.694: [sbi] INFO: [0f8a4170-053d-41ee-8005-017dc7b01714] (NRF-notify) NF Profile updated (../lib/sbi/nnrf-handler.c:735)
06/07 14:11:01.704: [sbi] WARNING: [0991b6e0-053d-41ee-a9bb-5f54da031a8b] (NRF-notify) Not found (../lib/sbi/nnrf-handler.c:756)
Open5GS daemon v2.6.4-17-g93ad7c6

06/07 14:11:33.322: [app] INFO: Configuration: '/open5gs/install/etc/open5gs/amf.yaml' (../lib/app/ogs-init.c:126)
06/07 14:11:33.322: [app] INFO: File Logging: '/open5gs/install/var/log/open5gs/amf.log' (../lib/app/ogs-init.c:129)
06/07 14:11:33.325: [metrics] INFO: metrics_server() [http://172.22.0.10]:9091 (../lib/metrics/prometheus/context.c:299)
06/07 14:11:33.325: [sbi] INFO: NF Service [namf-comm] (../lib/sbi/context.c:1438)
06/07 14:11:33.325: [sbi] INFO: nghttp2_server() [http://172.22.0.10]:7777 (../lib/sbi/nghttp2-server.c:395)
06/07 14:11:33.325: [amf] INFO: ngap_server() [172.22.0.10]:38412 (../src/amf/ngap-sctp.c:61)
06/07 14:11:33.325: [sctp] INFO: AMF initialize...done (../src/amf/app.c:33)
06/07 14:11:33.326: [sbi] INFO: [34df0fd2-053d-41ee-99bc-397085959a5f] NF registered [Heartbeat:10s] (../lib/sbi/nf-sm.c:214)
06/07 14:11:33.327: [sbi] INFO: [34df79b8-053d-41ee-8648-e168f81476c3] Subscription created until 2023-06-08T14:11:33.326915+00:00 [duration:86400,validity:86399.999586,patch:43199.999793] (../lib/sbi/nnrf-handler.c:509)
06/07 14:11:33.327: [sbi] INFO: [34df8084-053d-41ee-8648-e168f81476c3] Subscription created until 2023-06-08T14:11:33.327070+00:00 [duration:86400,validity:86399.999601,patch:43199.999800] (../lib/sbi/nnrf-handler.c:509)
06/07 14:11:33.327: [sbi] INFO: [34df81ec-053d-41ee-8648-e168f81476c3] Subscription created until 2023-06-08T14:11:33.327105+00:00 [duration:86400,validity:86399.999541,patch:43199.999770] (../lib/sbi/nnrf-handler.c:509)
06/07 14:11:33.327: [sbi] INFO: [34df8548-053d-41ee-8648-e168f81476c3] Subscription created until 2023-06-08T14:11:33.327191+00:00 [duration:86400,validity:86399.999437,patch:43199.999718] (../lib/sbi/nnrf-handler.c:509)
06/07 14:11:33.327: [sbi] INFO: [34df8b88-053d-41ee-8648-e168f81476c3] Subscription created until 2023-06-08T14:11:33.327354+00:00 [duration:86400,validity:86399.999555,patch:43199.999777] (../lib/sbi/nnrf-handler.c:509)
06/07 14:11:33.327: [sbi] INFO: [34df8d68-053d-41ee-8648-e168f81476c3] Subscription created until 2023-06-08T14:11:33.327403+00:00 [duration:86400,validity:86399.999529,patch:43199.999764] (../lib/sbi/nnrf-handler.c:509)
06/07 14:11:42.903: [sbi] INFO: [3a9431aa-053d-41ee-977c-93ee05877002] (NRF-notify) NF registered (../lib/sbi/nnrf-handler.c:725)
06/07 14:11:42.903: [sbi] INFO: [3a9431aa-053d-41ee-977c-93ee05877002] (NRF-notify) NF Profile updated (../lib/sbi/nnrf-handler.c:735)
06/07 14:31:35.230: [sbi] WARNING: [34bccb52-053d-41ee-a6df-7b913dfa2fe0] (NRF-notify) Not found (../lib/sbi/nnrf-handler.c:756)
Open5GS daemon v2.6.4-18-g3a41161

06/07 15:14:23.094: [app] INFO: Configuration: '/open5gs/install/etc/open5gs/amf.yaml' (../lib/app/ogs-init.c:126)
06/07 15:14:23.094: [app] INFO: File Logging: '/open5gs/install/var/log/open5gs/amf.log' (../lib/app/ogs-init.c:129)
06/07 15:14:23.096: [metrics] INFO: metrics_server() [http://172.22.0.10]:9091 (../lib/metrics/prometheus/context.c:299)
06/07 15:14:23.096: [sbi] INFO: NF Service [namf-comm] (../lib/sbi/context.c:1438)
06/07 15:14:23.096: [sbi] INFO: nghttp2_server() [http://172.22.0.10]:7777 (../lib/sbi/nghttp2-server.c:395)
06/07 15:14:23.096: [amf] INFO: ngap_server() [172.22.0.10]:38412 (../src/amf/ngap-sctp.c:61)
06/07 15:14:23.096: [sctp] INFO: AMF initialize...done (../src/amf/app.c:33)
06/07 15:14:23.097: [sbi] INFO: [fbd49262-0545-41ee-a151-df4897181582] NF registered [Heartbeat:10s] (../lib/sbi/nf-sm.c:214)
06/07 15:14:23.098: [sbi] INFO: [fbd4f11c-0545-41ee-9f0f-03ce7180ccdd] Subscription created until 2023-06-08T15:14:23.098316+00:00 [duration:86400,validity:86399.999407,patch:43199.999703] (../lib/sbi/nnrf-handler.c:509)
06/07 15:14:23.099: [sbi] INFO: [fbd4f96e-0545-41ee-9f0f-03ce7180ccdd] Subscription created until 2023-06-08T15:14:23.098514+00:00 [duration:86400,validity:86399.999461,patch:43199.999730] (../lib/sbi/nnrf-handler.c:509)
06/07 15:14:23.099: [sbi] INFO: [fbd4fd92-0545-41ee-9f0f-03ce7180ccdd] Subscription created until 2023-06-08T15:14:23.098617+00:00 [duration:86400,validity:86399.999402,patch:43199.999701] (../lib/sbi/nnrf-handler.c:509)
06/07 15:14:23.099: [sbi] INFO: [fbd4ff68-0545-41ee-9f0f-03ce7180ccdd] Subscription created until 2023-06-08T15:14:23.098668+00:00 [duration:86400,validity:86399.999351,patch:43199.999675] (../lib/sbi/nnrf-handler.c:509)
06/07 15:14:23.099: [sbi] INFO: [fbd5060c-0545-41ee-9f0f-03ce7180ccdd] Subscription created until 2023-06-08T15:14:23.098835+00:00 [duration:86400,validity:86399.999414,patch:43199.999707] (../lib/sbi/nnrf-handler.c:509)
06/07 15:14:23.099: [sbi] INFO: [fbd507ec-0545-41ee-9f0f-03ce7180ccdd] Subscription created until 2023-06-08T15:14:23.098882+00:00 [duration:86400,validity:86399.999370,patch:43199.999685] (../lib/sbi/nnrf-handler.c:509)
