Open5GS daemon v2.6.4-17-g93ad7c6

06/07 14:10:20.595: [app] INFO: Configuration: '/open5gs/install/etc/open5gs/ausf.yaml' (../lib/app/ogs-init.c:126)
06/07 14:10:20.595: [app] INFO: File Logging: '/open5gs/install/var/log/open5gs/ausf.log' (../lib/app/ogs-init.c:129)
06/07 14:10:20.596: [sbi] INFO: NF Service [nausf-auth] (../lib/sbi/context.c:1438)
06/07 14:10:20.596: [sbi] INFO: nghttp2_server() [http://172.22.0.11]:7777 (../lib/sbi/nghttp2-server.c:395)
06/07 14:10:20.596: [app] INFO: AUSF initialize...done (../src/ausf/app.c:31)
06/07 14:10:20.597: [sbi] INFO: [0985a35a-053d-41ee-8191-472e84bd005a] NF registered [Heartbeat:10s] (../lib/sbi/nf-sm.c:214)
06/07 14:10:20.597: [sbi] INFO: [0985dbb8-053d-41ee-b4c3-2145daa6e6d2] Subscription created until 2023-06-08T14:10:20.597567+00:00 [duration:86400,validity:86399.999848,patch:43199.999924] (../lib/sbi/nnrf-handler.c:509)
Open5GS daemon v2.6.4-17-g93ad7c6

06/07 14:11:32.755: [app] INFO: Configuration: '/open5gs/install/etc/open5gs/ausf.yaml' (../lib/app/ogs-init.c:126)
06/07 14:11:32.755: [app] INFO: File Logging: '/open5gs/install/var/log/open5gs/ausf.log' (../lib/app/ogs-init.c:129)
06/07 14:11:32.756: [sbi] INFO: NF Service [nausf-auth] (../lib/sbi/context.c:1438)
06/07 14:11:32.757: [sbi] INFO: nghttp2_server() [http://172.22.0.11]:7777 (../lib/sbi/nghttp2-server.c:395)
06/07 14:11:32.757: [app] INFO: AUSF initialize...done (../src/ausf/app.c:31)
06/07 14:11:33.154: [sbi] INFO: [34887a0a-053d-41ee-957e-cff94f285ede] NF registered [Heartbeat:10s] (../lib/sbi/nf-sm.c:214)
06/07 14:11:33.155: [sbi] INFO: [34c53472-053d-41ee-8648-e168f81476c3] Subscription created until 2023-06-08T14:11:33.154755+00:00 [duration:86400,validity:86399.999591,patch:43199.999795] (../lib/sbi/nnrf-handler.c:509)
Open5GS daemon v2.6.4-18-g3a41161

06/07 15:10:06.570: [app] INFO: Configuration: '/open5gs/install/etc/open5gs/ausf.yaml' (../lib/app/ogs-init.c:126)
06/07 15:10:06.570: [app] INFO: File Logging: '/open5gs/install/var/log/open5gs/ausf.log' (../lib/app/ogs-init.c:129)
06/07 15:10:06.571: [sbi] INFO: NF Service [nausf-auth] (../lib/sbi/context.c:1438)
06/07 15:10:06.571: [sbi] INFO: nghttp2_server() [http://172.22.0.11]:7777 (../lib/sbi/nghttp2-server.c:395)
06/07 15:10:06.571: [app] INFO: AUSF initialize...done (../src/ausf/app.c:31)
06/07 15:10:06.573: [sbi] INFO: [62ee114a-0545-41ee-8a9e-9b7602a5c93a] NF registered [Heartbeat:10s] (../lib/sbi/nf-sm.c:214)
06/07 15:10:06.573: [sbi] INFO: [62ee588a-0545-41ee-9f0f-03ce7180ccdd] Subscription created until 2023-06-08T15:10:06.573397+00:00 [duration:86400,validity:86399.999800,patch:43199.999900] (../lib/sbi/nnrf-handler.c:509)
06/07 15:11:06.186: [sbi] INFO: [86766824-0545-41ee-9cb3-b3a83e7b4dc2] (NRF-notify) NF registered (../lib/sbi/nnrf-handler.c:725)
06/07 15:11:06.186: [sbi] INFO: [86766824-0545-41ee-9cb3-b3a83e7b4dc2] (NRF-notify) NF Profile updated (../lib/sbi/nnrf-handler.c:735)
