Open5GS daemon v2.6.4-18-g3a41161

06/12 12:07:02.766: [app] INFO: Configuration: '/open5gs/install/etc/open5gs/nrf.yaml' (../lib/app/ogs-init.c:126)
06/12 12:07:02.766: [app] INFO: File Logging: '/open5gs/install/var/log/open5gs/nrf.log' (../lib/app/ogs-init.c:129)
06/12 12:07:02.768: [sbi] INFO: nghttp2_server() [http://162.22.0.12]:7777 (../lib/sbi/nghttp2-server.c:395)
06/12 12:07:02.769: [app] INFO: NRF initialize...done (../src/nrf/app.c:31)
06/12 12:07:03.711: [nrf] INFO: [a416d468-0919-41ee-8411-7b9dc129195c] NF registered [Heartbeat:10s] (../src/nrf/nf-sm.c:190)
06/12 12:07:03.712: [nrf] INFO: [a48bd0b0-0919-41ee-adcd-5d94ec7e68fc] NF registered [Heartbeat:10s] (../src/nrf/nf-sm.c:190)
06/12 12:07:03.714: [nrf] INFO: [a4b3dcea-0919-41ee-9df4-2fa854c9d6a8] Subscription created until 2023-06-13T12:07:03.714761+00:00 [validity_duration:86400] (../src/nrf/nnrf-handler.c:334)
06/12 12:07:03.714: [nrf] INFO: [a4b3e23a-0919-41ee-9df4-2fa854c9d6a8] Subscription created until 2023-06-13T12:07:03.714882+00:00 [validity_duration:86400] (../src/nrf/nnrf-handler.c:334)
06/12 12:07:03.714: [nrf] INFO: [a4b3e5c8-0919-41ee-9df4-2fa854c9d6a8] Subscription created until 2023-06-13T12:07:03.714972+00:00 [validity_duration:86400] (../src/nrf/nnrf-handler.c:334)
06/12 12:07:03.715: [nrf] INFO: [a4b3eb18-0919-41ee-9df4-2fa854c9d6a8] Subscription created until 2023-06-13T12:07:03.715109+00:00 [validity_duration:86400] (../src/nrf/nnrf-handler.c:334)
06/12 12:07:03.715: [nrf] INFO: [a4b3eece-0919-41ee-9df4-2fa854c9d6a8] Subscription created until 2023-06-13T12:07:03.715203+00:00 [validity_duration:86400] (../src/nrf/nnrf-handler.c:334)
06/12 12:07:03.715: [nrf] INFO: [a4b3f914-0919-41ee-9df4-2fa854c9d6a8] Subscription created until 2023-06-13T12:07:03.715468+00:00 [validity_duration:86400] (../src/nrf/nnrf-handler.c:334)
06/12 12:07:03.715: [nrf] INFO: [a4b3fc34-0919-41ee-9df4-2fa854c9d6a8] Subscription created until 2023-06-13T12:07:03.715544+00:00 [validity_duration:86400] (../src/nrf/nnrf-handler.c:334)
06/12 12:07:03.715: [nrf] INFO: [a4b3ff9a-0919-41ee-9df4-2fa854c9d6a8] Subscription created until 2023-06-13T12:07:03.715632+00:00 [validity_duration:86400] (../src/nrf/nnrf-handler.c:334)
06/12 12:07:03.715: [nrf] INFO: [a4b4031e-0919-41ee-9df4-2fa854c9d6a8] Subscription created until 2023-06-13T12:07:03.715773+00:00 [validity_duration:86400] (../src/nrf/nnrf-handler.c:334)
06/12 12:07:03.727: [nrf] INFO: [a4b5b7fe-0919-41ee-95dd-83ba0ed2515b] NF registered [Heartbeat:10s] (../src/nrf/nf-sm.c:190)
06/12 12:07:03.768: [nrf] INFO: [a4bb8634-0919-41ee-ada7-4f0e7c8817d8] NF registered [Heartbeat:10s] (../src/nrf/nf-sm.c:190)
06/12 12:07:03.769: [nrf] INFO: [a4bc447a-0919-41ee-9df4-2fa854c9d6a8] Subscription created until 2023-06-13T12:07:03.769847+00:00 [validity_duration:86400] (../src/nrf/nnrf-handler.c:334)
06/12 12:07:04.045: [nrf] INFO: [a4e5e87a-0919-41ee-bcc2-eb43c41e8a16] NF registered [Heartbeat:10s] (../src/nrf/nf-sm.c:190)
06/12 12:07:04.047: [nrf] INFO: [a4e695d6-0919-41ee-9df4-2fa854c9d6a8] Subscription created until 2023-06-13T12:07:04.047183+00:00 [validity_duration:86400] (../src/nrf/nnrf-handler.c:334)
06/12 12:07:04.047: [nrf] INFO: [a4e69a22-0919-41ee-9df4-2fa854c9d6a8] Subscription created until 2023-06-13T12:07:04.047267+00:00 [validity_duration:86400] (../src/nrf/nnrf-handler.c:334)
06/12 12:07:04.047: [nrf] INFO: [a4e69c3e-0919-41ee-9df4-2fa854c9d6a8] Subscription created until 2023-06-13T12:07:04.047323+00:00 [validity_duration:86400] (../src/nrf/nnrf-handler.c:334)
06/12 12:07:04.047: [nrf] INFO: [a4e6a2ec-0919-41ee-9df4-2fa854c9d6a8] Subscription created until 2023-06-13T12:07:04.047492+00:00 [validity_duration:86400] (../src/nrf/nnrf-handler.c:334)
06/12 12:07:04.047: [nrf] INFO: [a4e6a4ea-0919-41ee-9df4-2fa854c9d6a8] Subscription created until 2023-06-13T12:07:04.047540+00:00 [validity_duration:86400] (../src/nrf/nnrf-handler.c:334)
06/12 12:07:04.047: [nrf] INFO: [a4e6a6c0-0919-41ee-9df4-2fa854c9d6a8] Subscription created until 2023-06-13T12:07:04.047590+00:00 [validity_duration:86400] (../src/nrf/nnrf-handler.c:334)
06/12 12:07:04.376: [nrf] INFO: [a5100da8-0919-41ee-8984-a13409650042] NF registered [Heartbeat:10s] (../src/nrf/nf-sm.c:190)
06/12 12:07:04.377: [nrf] INFO: [a518fada-0919-41ee-9df4-2fa854c9d6a8] Subscription created until 2023-06-13T12:07:04.377438+00:00 [validity_duration:86400] (../src/nrf/nnrf-handler.c:334)
06/12 12:07:04.377: [nrf] INFO: [a5190124-0919-41ee-9df4-2fa854c9d6a8] Subscription created until 2023-06-13T12:07:04.377583+00:00 [validity_duration:86400] (../src/nrf/nnrf-handler.c:334)
06/12 12:07:04.377: [nrf] INFO: [a51903c2-0919-41ee-9df4-2fa854c9d6a8] Subscription created until 2023-06-13T12:07:04.377649+00:00 [validity_duration:86400] (../src/nrf/nnrf-handler.c:334)
06/12 12:07:13.346: [nrf] INFO: [aa713c40-0919-41ee-b24b-db14b5f66bd2] NF registered [Heartbeat:10s] (../src/nrf/nf-sm.c:190)
06/12 12:07:13.347: [nrf] INFO: [aa71af9a-0919-41ee-9df4-2fa854c9d6a8] Subscription created until 2023-06-13T12:07:13.347387+00:00 [validity_duration:86400] (../src/nrf/nnrf-handler.c:334)
06/12 12:07:13.347: [nrf] INFO: [aa71b40e-0919-41ee-9df4-2fa854c9d6a8] Subscription created until 2023-06-13T12:07:13.347487+00:00 [validity_duration:86400] (../src/nrf/nnrf-handler.c:334)
06/12 12:07:13.493: [nrf] INFO: [aa87d3a6-0919-41ee-ad88-05ad9f091bf7] NF registered [Heartbeat:10s] (../src/nrf/nf-sm.c:190)
06/12 12:07:13.579: [nrf] INFO: [aa94d75e-0919-41ee-b452-efe6432db59e] NF registered [Heartbeat:10s] (../src/nrf/nf-sm.c:190)
06/12 12:10:04.892: [nrf] WARNING: [a4b5b7fe-0919-41ee-95dd-83ba0ed2515b] No heartbeat (../src/nrf/nrf-sm.c:248)
06/12 12:10:04.892: [nrf] INFO: [a4b5b7fe-0919-41ee-95dd-83ba0ed2515b] NF de-registered (../src/nrf/nf-sm.c:205)
06/12 12:10:04.894: [nrf] WARNING: Subscription notification failed [404] (../src/nrf/sbi-path.c:46)
06/12 12:10:15.471: [nrf] WARNING: [a5100da8-0919-41ee-8984-a13409650042] No heartbeat (../src/nrf/nrf-sm.c:248)
06/12 12:10:15.471: [nrf] INFO: [a5100da8-0919-41ee-8984-a13409650042] NF de-registered (../src/nrf/nf-sm.c:205)
06/12 12:10:25.214: [nrf] WARNING: [a4e5e87a-0919-41ee-bcc2-eb43c41e8a16] No heartbeat (../src/nrf/nrf-sm.c:248)
06/12 12:10:25.214: [nrf] INFO: [a4e5e87a-0919-41ee-bcc2-eb43c41e8a16] NF de-registered (../src/nrf/nf-sm.c:205)
06/12 12:10:34.523: [nrf] WARNING: [aa713c40-0919-41ee-b24b-db14b5f66bd2] No heartbeat (../src/nrf/nrf-sm.c:248)
06/12 12:10:34.523: [nrf] INFO: [aa713c40-0919-41ee-b24b-db14b5f66bd2] NF de-registered (../src/nrf/nf-sm.c:205)
06/12 12:10:34.672: [nrf] WARNING: [aa87d3a6-0919-41ee-ad88-05ad9f091bf7] No heartbeat (../src/nrf/nrf-sm.c:248)
06/12 12:10:34.672: [nrf] INFO: [aa87d3a6-0919-41ee-ad88-05ad9f091bf7] NF de-registered (../src/nrf/nf-sm.c:205)
06/12 12:10:34.772: [nrf] WARNING: [aa94d75e-0919-41ee-b452-efe6432db59e] No heartbeat (../src/nrf/nrf-sm.c:248)
06/12 12:10:34.772: [nrf] INFO: [aa94d75e-0919-41ee-b452-efe6432db59e] NF de-registered (../src/nrf/nf-sm.c:205)
06/12 12:10:34.904: [nrf] WARNING: [a48bd0b0-0919-41ee-adcd-5d94ec7e68fc] No heartbeat (../src/nrf/nrf-sm.c:248)
06/12 12:10:34.904: [nrf] INFO: [a48bd0b0-0919-41ee-adcd-5d94ec7e68fc] NF de-registered (../src/nrf/nf-sm.c:205)
06/12 12:10:34.932: [nrf] WARNING: [a4bb8634-0919-41ee-ada7-4f0e7c8817d8] No heartbeat (../src/nrf/nrf-sm.c:248)
06/12 12:10:34.932: [nrf] INFO: [a4bb8634-0919-41ee-ada7-4f0e7c8817d8] NF de-registered (../src/nrf/nf-sm.c:205)
Open5GS daemon v2.6.4-18-g3a41161

06/12 12:10:43.179: [app] INFO: Configuration: '/open5gs/install/etc/open5gs/nrf.yaml' (../lib/app/ogs-init.c:126)
06/12 12:10:43.179: [app] INFO: File Logging: '/open5gs/install/var/log/open5gs/nrf.log' (../lib/app/ogs-init.c:129)
06/12 12:10:43.182: [sbi] INFO: nghttp2_server() [http://162.22.0.12]:7777 (../lib/sbi/nghttp2-server.c:395)
06/12 12:10:43.183: [app] INFO: NRF initialize...done (../src/nrf/app.c:31)
06/12 12:10:43.684: [nrf] INFO: [27d04a0a-091a-41ee-a75f-3f476682c7f1] NF registered [Heartbeat:10s] (../src/nrf/nf-sm.c:190)
06/12 12:10:43.685: [nrf] INFO: [27d0acca-091a-41ee-a257-d75bbd63d83a] Subscription created until 2023-06-13T12:10:43.685113+00:00 [validity_duration:86400] (../src/nrf/nnrf-handler.c:334)
06/12 12:10:43.870: [nrf] INFO: [27ecdfc6-091a-41ee-a1cc-e9d0d7aef169] NF registered [Heartbeat:10s] (../src/nrf/nf-sm.c:190)
06/12 12:10:43.871: [nrf] INFO: [27ed1284-091a-41ee-a257-d75bbd63d83a] Subscription created until 2023-06-13T12:10:43.871227+00:00 [validity_duration:86400] (../src/nrf/nnrf-handler.c:334)
06/12 12:10:43.934: [nrf] INFO: [27f692fa-091a-41ee-a8ae-cdc0fe3bb578] NF registered [Heartbeat:10s] (../src/nrf/nf-sm.c:190)
06/12 12:10:44.258: [nrf] INFO: [2827c028-091a-41ee-8bd8-95031072bd9f] NF registered [Heartbeat:10s] (../src/nrf/nf-sm.c:190)
06/12 12:10:44.259: [nrf] INFO: [2828475a-091a-41ee-a257-d75bbd63d83a] Subscription created until 2023-06-13T12:10:44.259249+00:00 [validity_duration:86400] (../src/nrf/nnrf-handler.c:334)
06/12 12:10:44.259: [nrf] INFO: [28284f5c-091a-41ee-a257-d75bbd63d83a] Subscription created until 2023-06-13T12:10:44.259421+00:00 [validity_duration:86400] (../src/nrf/nnrf-handler.c:334)
06/12 12:10:44.259: [nrf] INFO: [282851c8-091a-41ee-a257-d75bbd63d83a] Subscription created until 2023-06-13T12:10:44.259482+00:00 [validity_duration:86400] (../src/nrf/nnrf-handler.c:334)
06/12 12:10:44.259: [nrf] INFO: [28285b00-091a-41ee-a257-d75bbd63d83a] Subscription created until 2023-06-13T12:10:44.259720+00:00 [validity_duration:86400] (../src/nrf/nnrf-handler.c:334)
06/12 12:10:44.259: [nrf] INFO: [28285d58-091a-41ee-a257-d75bbd63d83a] Subscription created until 2023-06-13T12:10:44.259777+00:00 [validity_duration:86400] (../src/nrf/nnrf-handler.c:334)
06/12 12:10:44.259: [nrf] INFO: [28285fa6-091a-41ee-a257-d75bbd63d83a] Subscription created until 2023-06-13T12:10:44.259837+00:00 [validity_duration:86400] (../src/nrf/nnrf-handler.c:334)
06/12 12:10:44.703: [nrf] INFO: [2860f938-091a-41ee-914d-1579dd3ff81d] NF registered [Heartbeat:10s] (../src/nrf/nf-sm.c:190)
06/12 12:10:44.704: [nrf] INFO: [286c3c8a-091a-41ee-a257-d75bbd63d83a] Subscription created until 2023-06-13T12:10:44.704603+00:00 [validity_duration:86400] (../src/nrf/nnrf-handler.c:334)
06/12 12:10:44.704: [nrf] INFO: [286c42c0-091a-41ee-a257-d75bbd63d83a] Subscription created until 2023-06-13T12:10:44.704742+00:00 [validity_duration:86400] (../src/nrf/nnrf-handler.c:334)
06/12 12:10:44.704: [nrf] INFO: [286c44d2-091a-41ee-a257-d75bbd63d83a] Subscription created until 2023-06-13T12:10:44.704793+00:00 [validity_duration:86400] (../src/nrf/nnrf-handler.c:334)
06/12 12:10:53.681: [nrf] INFO: [2dc5deac-091a-41ee-a4ab-7149ef99f49d] NF registered [Heartbeat:10s] (../src/nrf/nf-sm.c:190)
06/12 12:10:53.773: [nrf] INFO: [2dd3a974-091a-41ee-a475-8fa9ee2b2b34] NF registered [Heartbeat:10s] (../src/nrf/nf-sm.c:190)
06/12 12:10:53.773: [nrf] INFO: [2dd41a58-091a-41ee-a257-d75bbd63d83a] Subscription created until 2023-06-13T12:10:53.773906+00:00 [validity_duration:86400] (../src/nrf/nnrf-handler.c:334)
06/12 12:10:53.774: [nrf] INFO: [2dd41f8a-091a-41ee-a257-d75bbd63d83a] Subscription created until 2023-06-13T12:10:53.774021+00:00 [validity_duration:86400] (../src/nrf/nnrf-handler.c:334)
06/12 12:10:54.000: [nrf] INFO: [2df67076-091a-41ee-82e2-fb5c9d90c7f8] NF registered [Heartbeat:10s] (../src/nrf/nf-sm.c:190)
06/12 12:10:54.173: [nrf] INFO: [27825ec6-091a-41ee-8950-cbfeae27fe77] NF registered [Heartbeat:10s] (../src/nrf/nf-sm.c:190)
06/12 12:10:54.174: [nrf] INFO: [2e112c68-091a-41ee-a257-d75bbd63d83a] Subscription created until 2023-06-13T12:10:54.174125+00:00 [validity_duration:86400] (../src/nrf/nnrf-handler.c:334)
06/12 12:10:54.174: [nrf] INFO: [2e11329e-091a-41ee-a257-d75bbd63d83a] Subscription created until 2023-06-13T12:10:54.174279+00:00 [validity_duration:86400] (../src/nrf/nnrf-handler.c:334)
06/12 12:10:54.174: [nrf] INFO: [2e113460-091a-41ee-a257-d75bbd63d83a] Subscription created until 2023-06-13T12:10:54.174327+00:00 [validity_duration:86400] (../src/nrf/nnrf-handler.c:334)
06/12 12:10:54.174: [nrf] INFO: [2e11362c-091a-41ee-a257-d75bbd63d83a] Subscription created until 2023-06-13T12:10:54.174368+00:00 [validity_duration:86400] (../src/nrf/nnrf-handler.c:334)
06/12 12:10:54.174: [nrf] INFO: [2e113b40-091a-41ee-a257-d75bbd63d83a] Subscription created until 2023-06-13T12:10:54.174499+00:00 [validity_duration:86400] (../src/nrf/nnrf-handler.c:334)
06/12 12:10:54.174: [nrf] INFO: [2e113d16-091a-41ee-a257-d75bbd63d83a] Subscription created until 2023-06-13T12:10:54.174547+00:00 [validity_duration:86400] (../src/nrf/nnrf-handler.c:334)
06/12 12:10:54.174: [nrf] INFO: [2e113e92-091a-41ee-a257-d75bbd63d83a] Subscription created until 2023-06-13T12:10:54.174584+00:00 [validity_duration:86400] (../src/nrf/nnrf-handler.c:334)
06/12 12:10:54.174: [nrf] INFO: [2e114068-091a-41ee-a257-d75bbd63d83a] Subscription created until 2023-06-13T12:10:54.174630+00:00 [validity_duration:86400] (../src/nrf/nnrf-handler.c:334)
