Open5GS daemon v2.6.4-17-g93ad7c6

06/07 14:10:30.691: [app] INFO: Configuration: '/open5gs/install/etc/open5gs/pcf.yaml' (../lib/app/ogs-init.c:126)
06/07 14:10:30.691: [app] INFO: File Logging: '/open5gs/install/var/log/open5gs/pcf.log' (../lib/app/ogs-init.c:129)
06/07 14:10:30.692: [metrics] INFO: metrics_server() [http://172.22.0.27]:9091 (../lib/metrics/prometheus/context.c:299)
06/07 14:10:30.693: [dbi] INFO: MongoDB URI: 'mongodb://172.22.0.2/open5gs' (../lib/dbi/ogs-mongoc.c:130)
06/07 14:10:30.693: [sbi] INFO: NF Service [npcf-am-policy-control] (../lib/sbi/context.c:1438)
06/07 14:10:30.693: [sbi] INFO: NF Service [npcf-smpolicycontrol] (../lib/sbi/context.c:1438)
06/07 14:10:30.693: [sbi] INFO: NF Service [npcf-policyauthorization] (../lib/sbi/context.c:1438)
06/07 14:10:30.693: [sbi] INFO: nghttp2_server() [http://172.22.0.27]:7777 (../lib/sbi/nghttp2-server.c:395)
06/07 14:10:30.693: [app] INFO: PCF initialize...done (../src/pcf/app.c:31)
06/07 14:10:30.695: [sbi] INFO: [0f8a4170-053d-41ee-8005-017dc7b01714] NF registered [Heartbeat:10s] (../lib/sbi/nf-sm.c:214)
06/07 14:10:30.695: [sbi] INFO: [0f8ab45c-053d-41ee-b4c3-2145daa6e6d2] Subscription created until 2023-06-08T14:10:30.695656+00:00 [duration:86400,validity:86399.999739,patch:43199.999869] (../lib/sbi/nnrf-handler.c:509)
06/07 14:10:30.695: [sbi] INFO: [0f8ab7fe-053d-41ee-b4c3-2145daa6e6d2] Subscription created until 2023-06-08T14:10:30.695735+00:00 [duration:86400,validity:86399.999771,patch:43199.999885] (../lib/sbi/nnrf-handler.c:509)
Open5GS daemon v2.6.4-17-g93ad7c6

06/07 14:11:42.897: [app] INFO: Configuration: '/open5gs/install/etc/open5gs/pcf.yaml' (../lib/app/ogs-init.c:126)
06/07 14:11:42.897: [app] INFO: File Logging: '/open5gs/install/var/log/open5gs/pcf.log' (../lib/app/ogs-init.c:129)
06/07 14:11:42.900: [metrics] INFO: metrics_server() [http://172.22.0.27]:9091 (../lib/metrics/prometheus/context.c:299)
06/07 14:11:42.901: [dbi] INFO: MongoDB URI: 'mongodb://172.22.0.2/open5gs' (../lib/dbi/ogs-mongoc.c:130)
06/07 14:11:42.901: [sbi] INFO: NF Service [npcf-am-policy-control] (../lib/sbi/context.c:1438)
06/07 14:11:42.901: [sbi] INFO: NF Service [npcf-smpolicycontrol] (../lib/sbi/context.c:1438)
06/07 14:11:42.901: [sbi] INFO: NF Service [npcf-policyauthorization] (../lib/sbi/context.c:1438)
06/07 14:11:42.901: [sbi] INFO: nghttp2_server() [http://172.22.0.27]:7777 (../lib/sbi/nghttp2-server.c:395)
06/07 14:11:42.901: [app] INFO: PCF initialize...done (../src/pcf/app.c:31)
06/07 14:11:42.903: [sbi] INFO: [3a9431aa-053d-41ee-977c-93ee05877002] NF registered [Heartbeat:10s] (../lib/sbi/nf-sm.c:214)
06/07 14:11:42.903: [sbi] INFO: [3a94b9b8-053d-41ee-8648-e168f81476c3] Subscription created until 2023-06-08T14:11:42.903360+00:00 [duration:86400,validity:86399.999739,patch:43199.999869] (../lib/sbi/nnrf-handler.c:509)
06/07 14:11:42.903: [sbi] INFO: [3a94be54-053d-41ee-8648-e168f81476c3] Subscription created until 2023-06-08T14:11:42.903463+00:00 [duration:86400,validity:86399.999749,patch:43199.999874] (../lib/sbi/nnrf-handler.c:509)
06/07 14:11:43.072: [sbi] INFO: [3aadfc98-053d-41ee-b13d-e130bdb1b535] (NRF-notify) NF registered (../lib/sbi/nnrf-handler.c:725)
06/07 14:11:43.072: [sbi] INFO: [3aadfc98-053d-41ee-b13d-e130bdb1b535] (NRF-notify) NF Profile updated (../lib/sbi/nnrf-handler.c:735)
06/07 14:11:43.114: [sbi] INFO: [3ab48f54-053d-41ee-8aba-3f642761ae17] (NRF-notify) NF registered (../lib/sbi/nnrf-handler.c:725)
06/07 14:11:43.114: [sbi] INFO: [3ab48f54-053d-41ee-8aba-3f642761ae17] (NRF-notify) NF Profile updated (../lib/sbi/nnrf-handler.c:735)
Open5GS daemon v2.6.4-18-g3a41161

06/07 15:13:37.065: [app] INFO: Configuration: '/open5gs/install/etc/open5gs/pcf.yaml' (../lib/app/ogs-init.c:126)
06/07 15:13:37.065: [app] INFO: File Logging: '/open5gs/install/var/log/open5gs/pcf.log' (../lib/app/ogs-init.c:129)
06/07 15:13:37.067: [metrics] INFO: metrics_server() [http://172.22.0.27]:9091 (../lib/metrics/prometheus/context.c:299)
06/07 15:13:37.068: [dbi] INFO: MongoDB URI: 'mongodb://172.22.0.2/open5gs' (../lib/dbi/ogs-mongoc.c:130)
06/07 15:13:37.068: [sbi] INFO: NF Service [npcf-am-policy-control] (../lib/sbi/context.c:1438)
06/07 15:13:37.068: [sbi] INFO: NF Service [npcf-smpolicycontrol] (../lib/sbi/context.c:1438)
06/07 15:13:37.068: [sbi] INFO: NF Service [npcf-policyauthorization] (../lib/sbi/context.c:1438)
06/07 15:13:37.068: [sbi] INFO: nghttp2_server() [http://172.22.0.27]:7777 (../lib/sbi/nghttp2-server.c:395)
06/07 15:13:37.068: [app] INFO: PCF initialize...done (../src/pcf/app.c:31)
06/07 15:13:37.070: [sbi] INFO: [e06534c8-0545-41ee-bbbd-41d63cf82682] NF registered [Heartbeat:10s] (../lib/sbi/nf-sm.c:214)
06/07 15:13:37.071: [sbi] INFO: [e065b6be-0545-41ee-9f0f-03ce7180ccdd] Subscription created until 2023-06-08T15:13:37.070897+00:00 [duration:86400,validity:86399.999605,patch:43199.999802] (../lib/sbi/nnrf-handler.c:509)
06/07 15:13:37.071: [sbi] INFO: [e065be48-0545-41ee-9f0f-03ce7180ccdd] Subscription created until 2023-06-08T15:13:37.071068+00:00 [duration:86400,validity:86399.999597,patch:43199.999798] (../lib/sbi/nnrf-handler.c:509)
06/07 15:14:19.792: [sbi] INFO: [f9dc1958-0545-41ee-8076-e93cc51da4a3] (NRF-notify) NF registered (../lib/sbi/nnrf-handler.c:725)
06/07 15:14:19.792: [sbi] INFO: [f9dc1958-0545-41ee-8076-e93cc51da4a3] (NRF-notify) NF Profile updated (../lib/sbi/nnrf-handler.c:735)
