Open5GS daemon v2.6.4-18-g3a41161

06/12 12:07:02.684: [app] INFO: Configuration: '/open5gs/install/etc/open5gs/scp.yaml' (../lib/app/ogs-init.c:126)
06/12 12:07:02.684: [app] INFO: File Logging: '/open5gs/install/var/log/open5gs/scp.log' (../lib/app/ogs-init.c:129)
06/12 12:07:02.685: [sbi] INFO: nghttp2_server() [http://162.22.0.35]:7777 (../lib/sbi/nghttp2-server.c:395)
06/12 12:07:02.685: [app] INFO: SCP initialize...done (../src/scp/app.c:31)
06/12 12:07:03.712: [sbi] INFO: [a416d468-0919-41ee-8411-7b9dc129195c] NF registered [Heartbeat:10s] (../lib/sbi/nf-sm.c:214)
06/12 12:07:03.717: [sbi] INFO: [a4b3dcea-0919-41ee-9df4-2fa854c9d6a8] Subscription created until 2023-06-13T12:07:03.714761+00:00 [duration:86400,validity:86399.997425,patch:43199.998712] (../lib/sbi/nnrf-handler.c:509)
06/12 12:07:03.717: [sbi] INFO: [a4b3e23a-0919-41ee-9df4-2fa854c9d6a8] Subscription created until 2023-06-13T12:07:03.714882+00:00 [duration:86400,validity:86399.997432,patch:43199.998716] (../lib/sbi/nnrf-handler.c:509)
06/12 12:07:03.717: [sbi] INFO: [a4b3e5c8-0919-41ee-9df4-2fa854c9d6a8] Subscription created until 2023-06-13T12:07:03.714972+00:00 [duration:86400,validity:86399.997497,patch:43199.998748] (../lib/sbi/nnrf-handler.c:509)
06/12 12:07:03.717: [sbi] INFO: [a4b3eb18-0919-41ee-9df4-2fa854c9d6a8] Subscription created until 2023-06-13T12:07:03.715109+00:00 [duration:86400,validity:86399.997551,patch:43199.998775] (../lib/sbi/nnrf-handler.c:509)
06/12 12:07:03.717: [sbi] INFO: [a4b3eece-0919-41ee-9df4-2fa854c9d6a8] Subscription created until 2023-06-13T12:07:03.715203+00:00 [duration:86400,validity:86399.997621,patch:43199.998810] (../lib/sbi/nnrf-handler.c:509)
06/12 12:07:03.717: [sbi] INFO: [a4b3f914-0919-41ee-9df4-2fa854c9d6a8] Subscription created until 2023-06-13T12:07:03.715468+00:00 [duration:86400,validity:86399.997842,patch:43199.998921] (../lib/sbi/nnrf-handler.c:509)
06/12 12:07:03.717: [sbi] INFO: [a4b3fc34-0919-41ee-9df4-2fa854c9d6a8] Subscription created until 2023-06-13T12:07:03.715544+00:00 [duration:86400,validity:86399.997875,patch:43199.998937] (../lib/sbi/nnrf-handler.c:509)
06/12 12:07:03.717: [sbi] INFO: [a4b3ff9a-0919-41ee-9df4-2fa854c9d6a8] Subscription created until 2023-06-13T12:07:03.715632+00:00 [duration:86400,validity:86399.997919,patch:43199.998959] (../lib/sbi/nnrf-handler.c:509)
06/12 12:07:03.728: [sbi] INFO: [a4b5b7fe-0919-41ee-95dd-83ba0ed2515b] (NRF-notify) NF registered (../lib/sbi/nnrf-handler.c:725)
06/12 12:07:03.728: [sbi] INFO: [a4b5b7fe-0919-41ee-95dd-83ba0ed2515b] (NRF-notify) NF Profile updated (../lib/sbi/nnrf-handler.c:735)
06/12 12:07:03.769: [sbi] INFO: [a4bb8634-0919-41ee-ada7-4f0e7c8817d8] (NRF-notify) NF registered (../lib/sbi/nnrf-handler.c:725)
06/12 12:07:03.769: [sbi] INFO: [a4bb8634-0919-41ee-ada7-4f0e7c8817d8] (NRF-notify) NF Profile updated (../lib/sbi/nnrf-handler.c:735)
06/12 12:07:04.045: [sbi] INFO: [a4e5e87a-0919-41ee-bcc2-eb43c41e8a16] (NRF-notify) NF registered (../lib/sbi/nnrf-handler.c:725)
06/12 12:07:04.045: [sbi] INFO: [a4e5e87a-0919-41ee-bcc2-eb43c41e8a16] (NRF-notify) NF Profile updated (../lib/sbi/nnrf-handler.c:735)
06/12 12:07:04.376: [sbi] INFO: [a5100da8-0919-41ee-8984-a13409650042] (NRF-notify) NF registered (../lib/sbi/nnrf-handler.c:725)
06/12 12:07:04.376: [sbi] INFO: [a5100da8-0919-41ee-8984-a13409650042] (NRF-notify) NF Profile updated (../lib/sbi/nnrf-handler.c:735)
06/12 12:07:04.710: [sbi] INFO: [a48bd0b0-0919-41ee-adcd-5d94ec7e68fc] (NF-discover) NF registered (../lib/sbi/nnrf-handler.c:829)
06/12 12:07:04.710: [sbi] INFO: [a48bd0b0-0919-41ee-adcd-5d94ec7e68fc] (NF-discover) NF Profile updated (../lib/sbi/nnrf-handler.c:856)
06/12 12:07:04.711: [scp] ERROR: (NF discover) No NF-Instance [nudr-dr:UDM] (../src/scp/sbi-path.c:708)
06/12 12:07:13.346: [sbi] INFO: [aa713c40-0919-41ee-b24b-db14b5f66bd2] (NRF-notify) NF registered (../lib/sbi/nnrf-handler.c:725)
06/12 12:07:13.346: [sbi] INFO: [aa713c40-0919-41ee-b24b-db14b5f66bd2] (NRF-notify) NF Profile updated (../lib/sbi/nnrf-handler.c:735)
06/12 12:07:13.493: [sbi] INFO: [aa87d3a6-0919-41ee-ad88-05ad9f091bf7] (NRF-notify) NF registered (../lib/sbi/nnrf-handler.c:725)
06/12 12:07:13.493: [sbi] INFO: [aa87d3a6-0919-41ee-ad88-05ad9f091bf7] (NRF-notify) NF Profile updated (../lib/sbi/nnrf-handler.c:735)
06/12 12:07:13.579: [sbi] INFO: [aa94d75e-0919-41ee-b452-efe6432db59e] (NRF-notify) NF registered (../lib/sbi/nnrf-handler.c:725)
06/12 12:07:13.579: [sbi] INFO: [aa94d75e-0919-41ee-b452-efe6432db59e] (NRF-notify) NF Profile updated (../lib/sbi/nnrf-handler.c:735)
06/12 12:10:04.893: [sbi] INFO: [a4b5b7fe-0919-41ee-95dd-83ba0ed2515b:1] NF removed (../lib/sbi/nnrf-handler.c:750)
06/12 12:10:15.471: [sbi] INFO: [a5100da8-0919-41ee-8984-a13409650042:1] NF removed (../lib/sbi/nnrf-handler.c:750)
06/12 12:10:25.215: [sbi] INFO: [a4e5e87a-0919-41ee-bcc2-eb43c41e8a16:1] NF removed (../lib/sbi/nnrf-handler.c:750)
06/12 12:10:34.523: [sbi] INFO: [aa713c40-0919-41ee-b24b-db14b5f66bd2:1] NF removed (../lib/sbi/nnrf-handler.c:750)
06/12 12:10:34.672: [sbi] INFO: [aa87d3a6-0919-41ee-ad88-05ad9f091bf7:1] NF removed (../lib/sbi/nnrf-handler.c:750)
06/12 12:10:34.773: [sbi] INFO: [aa94d75e-0919-41ee-b452-efe6432db59e:1] NF removed (../lib/sbi/nnrf-handler.c:750)
06/12 12:10:34.905: [sbi] INFO: [a48bd0b0-0919-41ee-adcd-5d94ec7e68fc:1] NF removed (../lib/sbi/nnrf-handler.c:750)
06/12 12:10:34.933: [sbi] INFO: [a4bb8634-0919-41ee-ada7-4f0e7c8817d8:1] NF removed (../lib/sbi/nnrf-handler.c:750)
Open5GS daemon v2.6.4-18-g3a41161

06/12 12:10:43.170: [app] INFO: Configuration: '/open5gs/install/etc/open5gs/scp.yaml' (../lib/app/ogs-init.c:126)
06/12 12:10:43.170: [app] INFO: File Logging: '/open5gs/install/var/log/open5gs/scp.log' (../lib/app/ogs-init.c:129)
06/12 12:10:43.172: [sbi] INFO: nghttp2_server() [http://162.22.0.35]:7777 (../lib/sbi/nghttp2-server.c:395)
06/12 12:10:43.172: [app] INFO: SCP initialize...done (../src/scp/app.c:31)
06/12 12:10:43.172: [sbi] WARNING: [7] Failed to connect to 162.22.0.12 port 7777: Connection refused (../lib/sbi/client.c:626)
06/12 12:10:43.172: [sbi] WARNING: ogs_sbi_client_handler() failed [-1] (../lib/sbi/path.c:59)
06/12 12:10:54.173: [sbi] WARNING: [27825ec6-091a-41ee-8950-cbfeae27fe77] Retry to registration with NRF (../lib/sbi/nf-sm.c:175)
06/12 12:10:54.173: [sbi] INFO: [27825ec6-091a-41ee-8950-cbfeae27fe77] NF registered [Heartbeat:10s] (../lib/sbi/nf-sm.c:214)
06/12 12:10:54.174: [sbi] INFO: [2e112c68-091a-41ee-a257-d75bbd63d83a] Subscription created until 2023-06-13T12:10:54.174125+00:00 [duration:86400,validity:86399.999630,patch:43199.999815] (../lib/sbi/nnrf-handler.c:509)
06/12 12:10:54.174: [sbi] INFO: [2e11329e-091a-41ee-a257-d75bbd63d83a] Subscription created until 2023-06-13T12:10:54.174279+00:00 [duration:86400,validity:86399.999559,patch:43199.999779] (../lib/sbi/nnrf-handler.c:509)
06/12 12:10:54.174: [sbi] INFO: [2e113460-091a-41ee-a257-d75bbd63d83a] Subscription created until 2023-06-13T12:10:54.174327+00:00 [duration:86400,validity:86399.999499,patch:43199.999749] (../lib/sbi/nnrf-handler.c:509)
06/12 12:10:54.174: [sbi] INFO: [2e11362c-091a-41ee-a257-d75bbd63d83a] Subscription created until 2023-06-13T12:10:54.174368+00:00 [duration:86400,validity:86399.999475,patch:43199.999737] (../lib/sbi/nnrf-handler.c:509)
06/12 12:10:54.174: [sbi] INFO: [2e113b40-091a-41ee-a257-d75bbd63d83a] Subscription created until 2023-06-13T12:10:54.174499+00:00 [duration:86400,validity:86399.999547,patch:43199.999773] (../lib/sbi/nnrf-handler.c:509)
06/12 12:10:54.175: [sbi] INFO: [2e113d16-091a-41ee-a257-d75bbd63d83a] Subscription created until 2023-06-13T12:10:54.174547+00:00 [duration:86400,validity:86399.999521,patch:43199.999760] (../lib/sbi/nnrf-handler.c:509)
06/12 12:10:54.175: [sbi] INFO: [2e113e92-091a-41ee-a257-d75bbd63d83a] Subscription created until 2023-06-13T12:10:54.174584+00:00 [duration:86400,validity:86399.999482,patch:43199.999741] (../lib/sbi/nnrf-handler.c:509)
06/12 12:10:54.175: [sbi] INFO: [2e114068-091a-41ee-a257-d75bbd63d83a] Subscription created until 2023-06-13T12:10:54.174630+00:00 [duration:86400,validity:86399.999455,patch:43199.999727] (../lib/sbi/nnrf-handler.c:509)
06/12 12:10:54.972: [sbi] INFO: [27ecdfc6-091a-41ee-a1cc-e9d0d7aef169] (NF-discover) NF registered (../lib/sbi/nnrf-handler.c:829)
06/12 12:10:54.972: [sbi] INFO: [27ecdfc6-091a-41ee-a1cc-e9d0d7aef169] (NF-discover) NF Profile updated (../lib/sbi/nnrf-handler.c:856)
06/12 12:10:54.973: [sbi] INFO: [27d04a0a-091a-41ee-a75f-3f476682c7f1] (NF-discover) NF registered (../lib/sbi/nnrf-handler.c:829)
06/12 12:10:54.973: [sbi] INFO: [27d04a0a-091a-41ee-a75f-3f476682c7f1] (NF-discover) NF Profile updated (../lib/sbi/nnrf-handler.c:856)
06/12 12:10:54.980: [sbi] WARNING: [27d04a0a-091a-41ee-a75f-3f476682c7f1] (NF-discover) NF has already been added (../lib/sbi/nnrf-handler.c:833)
06/12 12:10:54.980: [sbi] WARNING: NF EndPoint updated [162.22.0.13:80] (../lib/sbi/context.c:1623)
06/12 12:10:54.980: [sbi] WARNING: NF EndPoint updated [162.22.0.13:7777] (../lib/sbi/context.c:1532)
06/12 12:10:54.980: [sbi] INFO: [27d04a0a-091a-41ee-a75f-3f476682c7f1] (NF-discover) NF Profile updated (../lib/sbi/nnrf-handler.c:856)
06/12 12:10:54.981: [sbi] WARNING: [27d04a0a-091a-41ee-a75f-3f476682c7f1] (NF-discover) NF has already been added (../lib/sbi/nnrf-handler.c:833)
06/12 12:10:54.981: [sbi] WARNING: NF EndPoint updated [162.22.0.13:80] (../lib/sbi/context.c:1623)
06/12 12:10:54.981: [sbi] WARNING: NF EndPoint updated [162.22.0.13:7777] (../lib/sbi/context.c:1532)
06/12 12:10:54.981: [sbi] WARNING: NF EndPoint updated [162.22.0.13:7777] (../lib/sbi/context.c:1532)
06/12 12:10:54.981: [sbi] INFO: [27d04a0a-091a-41ee-a75f-3f476682c7f1] (NF-discover) NF Profile updated (../lib/sbi/nnrf-handler.c:856)
06/12 12:10:55.188: [sbi] WARNING: [27d04a0a-091a-41ee-a75f-3f476682c7f1] (NF-discover) NF has already been added (../lib/sbi/nnrf-handler.c:833)
06/12 12:10:55.188: [sbi] WARNING: NF EndPoint updated [162.22.0.13:80] (../lib/sbi/context.c:1623)
06/12 12:10:55.188: [sbi] WARNING: NF EndPoint updated [162.22.0.13:7777] (../lib/sbi/context.c:1532)
06/12 12:10:55.188: [sbi] WARNING: NF EndPoint updated [162.22.0.13:7777] (../lib/sbi/context.c:1532)
06/12 12:10:55.188: [sbi] WARNING: NF EndPoint updated [162.22.0.13:7777] (../lib/sbi/context.c:1532)
06/12 12:10:55.188: [sbi] INFO: [27d04a0a-091a-41ee-a75f-3f476682c7f1] (NF-discover) NF Profile updated (../lib/sbi/nnrf-handler.c:856)
06/12 12:10:55.192: [sbi] INFO: [2dc5deac-091a-41ee-a4ab-7149ef99f49d] (NF-discover) NF registered (../lib/sbi/nnrf-handler.c:829)
06/12 12:10:55.192: [sbi] INFO: [2dc5deac-091a-41ee-a4ab-7149ef99f49d] (NF-discover) NF Profile updated (../lib/sbi/nnrf-handler.c:856)
06/12 12:10:55.194: [sbi] INFO: [2827c028-091a-41ee-8bd8-95031072bd9f] (NF-discover) NF registered (../lib/sbi/nnrf-handler.c:829)
06/12 12:10:55.194: [sbi] INFO: [2827c028-091a-41ee-8bd8-95031072bd9f] (NF-discover) NF Profile updated (../lib/sbi/nnrf-handler.c:856)
