Open5GS daemon v2.6.4-17-g93ad7c6

06/07 14:10:21.270: [app] INFO: Configuration: '/open5gs/install/etc/open5gs/smf.yaml' (../lib/app/ogs-init.c:126)
06/07 14:10:21.270: [app] INFO: File Logging: '/open5gs/install/var/log/open5gs/smf.log' (../lib/app/ogs-init.c:129)
06/07 14:10:21.301: [sock] ERROR: looks_like_ip(, (null)) failed (../lib/core/ogs-sockaddr.c:602)
06/07 14:10:21.301: [smf] FATAL: smf_context_parse_config: Assertion `rv == OGS_OK' failed. (../src/smf/context.c:551)
06/07 14:10:21.301: [core] FATAL: backtrace() returned 7 addresses (../lib/core/ogs-abort.c:37)
./open5gs-smfd(+0x1301a) [0x55a23459d01a]
./open5gs-smfd(+0xedd3) [0x55a234598dd3]
./open5gs-smfd(+0xe25e) [0x55a23459825e]
./open5gs-smfd(+0xeb43) [0x55a234598b43]
/lib/x86_64-linux-gnu/libc.so.6(__libc_start_main+0xf3) [0x7feb101e9083]
./open5gs-smfd(+0xe18e) [0x55a23459818e]
Open5GS daemon v2.6.4-17-g93ad7c6

06/07 14:11:33.624: [app] INFO: Configuration: '/open5gs/install/etc/open5gs/smf.yaml' (../lib/app/ogs-init.c:126)
06/07 14:11:33.624: [app] INFO: File Logging: '/open5gs/install/var/log/open5gs/smf.log' (../lib/app/ogs-init.c:129)
06/07 14:11:33.655: [sock] ERROR: looks_like_ip(, (null)) failed (../lib/core/ogs-sockaddr.c:602)
06/07 14:11:33.655: [smf] FATAL: smf_context_parse_config: Assertion `rv == OGS_OK' failed. (../src/smf/context.c:551)
06/07 14:11:33.655: [core] FATAL: backtrace() returned 7 addresses (../lib/core/ogs-abort.c:37)
./open5gs-smfd(+0x1301a) [0x55e0c754e01a]
./open5gs-smfd(+0xedd3) [0x55e0c7549dd3]
./open5gs-smfd(+0xe25e) [0x55e0c754925e]
./open5gs-smfd(+0xeb43) [0x55e0c7549b43]
/lib/x86_64-linux-gnu/libc.so.6(__libc_start_main+0xf3) [0x7f708be22083]
./open5gs-smfd(+0xe18e) [0x55e0c754918e]
Open5GS daemon v2.6.4-17-g93ad7c6

06/07 14:15:24.431: [app] INFO: Configuration: '/open5gs/install/etc/open5gs/smf.yaml' (../lib/app/ogs-init.c:126)
06/07 14:15:24.431: [app] INFO: File Logging: '/open5gs/install/var/log/open5gs/smf.log' (../lib/app/ogs-init.c:129)
06/07 14:15:24.454: [sock] ERROR: looks_like_ip(, (null)) failed (../lib/core/ogs-sockaddr.c:602)
06/07 14:15:24.454: [smf] FATAL: smf_context_parse_config: Assertion `rv == OGS_OK' failed. (../src/smf/context.c:551)
06/07 14:15:24.454: [core] FATAL: backtrace() returned 7 addresses (../lib/core/ogs-abort.c:37)
./open5gs-smfd(+0x1301a) [0x55b4fd27301a]
./open5gs-smfd(+0xedd3) [0x55b4fd26edd3]
./open5gs-smfd(+0xe25e) [0x55b4fd26e25e]
./open5gs-smfd(+0xeb43) [0x55b4fd26eb43]
/lib/x86_64-linux-gnu/libc.so.6(__libc_start_main+0xf3) [0x7fe5245f8083]
./open5gs-smfd(+0xe18e) [0x55b4fd26e18e]
